{
  "CharacterName": "十六五夜",
  "LocalContentID": 19014409516066930,
  "World": "摩杜纳",
  "Messages": {
    "DutyRoulette": [
      {
        "ModuleType": 2,
        "Time": "2022-09-03T09:26:40.0679953Z",
        "Message": "练级 Completed"
      },
      {
        "ModuleType": 2,
        "Time": "2022-09-03T09:26:40.0717288Z",
        "Message": "All Tasks Completed"
      },
      {
        "ModuleType": 2,
        "Time": "2022-09-03T10:04:13.956876Z",
        "Message": "团队任务 Completed"
      },
      {
        "ModuleType": 2,
        "Time": "2022-09-03T10:04:13.9579173Z",
        "Message": "All Tasks Completed"
      },
      {
        "ModuleType": 2,
        "Time": "2022-09-03T14:59:59.4228558Z",
        "Message": "练级 Completed"
      },
      {
        "ModuleType": 2,
        "Time": "2022-09-03T14:59:59.4238857Z",
        "Message": "All Tasks Completed"
      },
      {
        "ModuleType": 2,
        "Time": "2022-09-03T14:59:59.4249912Z",
        "Message": "团队任务 Completed"
      },
      {
        "ModuleType": 2,
        "Time": "2022-09-03T14:59:59.4255661Z",
        "Message": "All Tasks Completed"
      },
      {
        "ModuleType": 2,
        "Time": "2022-09-03T15:00:00.6234808Z",
        "Message": "Daily Reset - Resetting"
      },
      {
        "ModuleType": 2,
        "Time": "2022-09-04T07:46:58.9581057Z",
        "Message": "练级 Completed"
      },
      {
        "ModuleType": 2,
        "Time": "2022-09-04T07:46:58.9621936Z",
        "Message": "All Tasks Completed"
      },
      {
        "ModuleType": 2,
        "Time": "2022-09-04T14:59:58.770538Z",
        "Message": "练级 Completed"
      },
      {
        "ModuleType": 2,
        "Time": "2022-09-04T14:59:58.772003Z",
        "Message": "All Tasks Completed"
      },
      {
        "ModuleType": 2,
        "Time": "2022-09-04T15:00:00.7558588Z",
        "Message": "Daily Reset - Resetting"
      },
      {
        "ModuleType": 2,
        "Time": "2022-09-05T15:00:00.3130093Z",
        "Message": "Daily Reset - Resetting"
      },
      {
        "ModuleType": 2,
        "Time": "2022-09-06T15:00:00.1418735Z",
        "Message": "Daily Reset - Resetting"
      },
      {
        "ModuleType": 2,
        "Time": "2022-09-07T14:39:45.9728235Z",
        "Message": "团队任务 Completed"
      },
      {
        "ModuleType": 2,
        "Time": "2022-09-07T14:39:45.9779644Z",
        "Message": "All Tasks Completed"
      },
      {
        "ModuleType": 2,
        "Time": "2022-09-07T15:41:55.2724862Z",
        "Message": "Daily Reset - Resetting"
      },
      {
        "ModuleType": 2,
        "Time": "2022-09-08T15:00:00.7333491Z",
        "Message": "Daily Reset - Resetting"
      },
      {
        "ModuleType": 2,
        "Time": "2022-09-09T06:04:51.4191936Z",
        "Message": "练级 Completed"
      },
      {
        "ModuleType": 2,
        "Time": "2022-09-09T06:04:51.4209854Z",
        "Message": "All Tasks Completed"
      },
      {
        "ModuleType": 2,
        "Time": "2022-09-09T06:34:18.4211016Z",
        "Message": "团队任务 Completed"
      },
      {
        "ModuleType": 2,
        "Time": "2022-09-09T06:34:18.4221274Z",
        "Message": "All Tasks Completed"
      },
      {
        "ModuleType": 2,
        "Time": "2022-09-09T14:59:57.8217625Z",
        "Message": "练级 Completed"
      },
      {
        "ModuleType": 2,
        "Time": "2022-09-09T14:59:57.8256562Z",
        "Message": "All Tasks Completed"
      },
      {
        "ModuleType": 2,
        "Time": "2022-09-09T14:59:57.8382012Z",
        "Message": "团队任务 Completed"
      },
      {
        "ModuleType": 2,
        "Time": "2022-09-09T14:59:57.8388698Z",
        "Message": "All Tasks Completed"
      },
      {
        "ModuleType": 2,
        "Time": "2022-09-09T15:00:00.2875484Z",
        "Message": "Daily Reset - Resetting"
      },
      {
        "ModuleType": 2,
        "Time": "2022-09-10T15:00:00.9536546Z",
        "Message": "Daily Reset - Resetting"
      },
      {
        "ModuleType": 2,
        "Time": "2022-09-11T11:34:23.3315542Z",
        "Message": "练级 Completed"
      },
      {
        "ModuleType": 2,
        "Time": "2022-09-11T11:34:23.3354494Z",
        "Message": "All Tasks Completed"
      },
      {
        "ModuleType": 2,
        "Time": "2022-09-11T15:00:00.1105465Z",
        "Message": "练级 Completed"
      },
      {
        "ModuleType": 2,
        "Time": "2022-09-11T15:00:00.1118334Z",
        "Message": "All Tasks Completed"
      },
      {
        "ModuleType": 2,
        "Time": "2022-09-11T15:00:00.9430694Z",
        "Message": "Daily Reset - Resetting"
      },
      {
        "ModuleType": 2,
        "Time": "2022-09-12T08:17:32.0539883Z",
        "Message": "练级 Completed"
      },
      {
        "ModuleType": 2,
        "Time": "2022-09-12T08:17:32.0563579Z",
        "Message": "All Tasks Completed"
      },
      {
        "ModuleType": 2,
        "Time": "2022-09-12T14:59:57.8086406Z",
        "Message": "练级 Completed"
      },
      {
        "ModuleType": 2,
        "Time": "2022-09-12T14:59:57.8109262Z",
        "Message": "All Tasks Completed"
      },
      {
        "ModuleType": 2,
        "Time": "2022-09-12T15:00:00.6103722Z",
        "Message": "Daily Reset - Resetting"
      },
      {
        "ModuleType": 2,
        "Time": "2022-09-13T11:54:53.978567Z",
        "Message": "练级 Completed"
      },
      {
        "ModuleType": 2,
        "Time": "2022-09-13T11:54:53.9804054Z",
        "Message": "All Tasks Completed"
      },
      {
        "ModuleType": 2,
        "Time": "2022-09-13T14:59:58.4734019Z",
        "Message": "练级 Completed"
      },
      {
        "ModuleType": 2,
        "Time": "2022-09-13T14:59:58.4745929Z",
        "Message": "All Tasks Completed"
      },
      {
        "ModuleType": 2,
        "Time": "2022-09-13T15:00:00.6746044Z",
        "Message": "Daily Reset - Resetting"
      },
      {
        "ModuleType": 2,
        "Time": "2022-09-14T15:00:00.3598843Z",
        "Message": "Daily Reset - Resetting"
      },
      {
        "ModuleType": 2,
        "Time": "2022-09-15T02:10:37.312369Z",
        "Message": "练级 Completed"
      },
      {
        "ModuleType": 2,
        "Time": "2022-09-15T02:10:37.3157345Z",
        "Message": "All Tasks Completed"
      },
      {
        "ModuleType": 2,
        "Time": "2022-09-15T02:46:37.7107662Z",
        "Message": "团队任务 Completed"
      },
      {
        "ModuleType": 2,
        "Time": "2022-09-15T02:46:37.712484Z",
        "Message": "All Tasks Completed"
      },
      {
        "ModuleType": 2,
        "Time": "2022-09-15T14:59:57.8470662Z",
        "Message": "练级 Completed"
      },
      {
        "ModuleType": 2,
        "Time": "2022-09-15T14:59:57.8518351Z",
        "Message": "All Tasks Completed"
      },
      {
        "ModuleType": 2,
        "Time": "2022-09-15T14:59:57.8661339Z",
        "Message": "团队任务 Completed"
      },
      {
        "ModuleType": 2,
        "Time": "2022-09-15T14:59:57.8669107Z",
        "Message": "All Tasks Completed"
      },
      {
        "ModuleType": 2,
        "Time": "2022-09-15T15:00:00.1274588Z",
        "Message": "Daily Reset - Resetting"
      },
      {
        "ModuleType": 2,
        "Time": "2022-09-16T15:00:00.0455916Z",
        "Message": "Daily Reset - Resetting"
      },
      {
        "ModuleType": 2,
        "Time": "2022-09-17T15:00:00.8370787Z",
        "Message": "Daily Reset - Resetting"
      },
      {
        "ModuleType": 2,
        "Time": "2022-09-18T15:00:00.1436876Z",
        "Message": "Daily Reset - Resetting"
      },
      {
        "ModuleType": 2,
        "Time": "2022-09-19T15:00:00.1263163Z",
        "Message": "Daily Reset - Resetting"
      },
      {
        "ModuleType": 2,
        "Time": "2022-09-20T15:00:00.3998373Z",
        "Message": "Daily Reset - Resetting"
      },
      {
        "ModuleType": 2,
        "Time": "2022-09-21T15:00:00.4323589Z",
        "Message": "Daily Reset - Resetting"
      },
      {
        "ModuleType": 2,
        "Time": "2022-09-22T15:00:00.5654513Z",
        "Message": "Daily Reset - Resetting"
      },
      {
        "ModuleType": 2,
        "Time": "2022-09-23T15:00:00.4956358Z",
        "Message": "Daily Reset - Resetting"
      },
      {
        "ModuleType": 2,
        "Time": "2022-09-24T15:00:00.6512636Z",
        "Message": "Daily Reset - Resetting"
      },
      {
        "ModuleType": 2,
        "Time": "2022-09-25T15:00:00.4510304Z",
        "Message": "Daily Reset - Resetting"
      },
      {
        "ModuleType": 2,
        "Time": "2022-09-26T15:00:00.0140613Z",
        "Message": "Daily Reset - Resetting"
      },
      {
        "ModuleType": 2,
        "Time": "2022-09-27T15:00:00.897336Z",
        "Message": "Daily Reset - Resetting"
      },
      {
        "ModuleType": 2,
        "Time": "2022-09-28T15:00:00.4231887Z",
        "Message": "Daily Reset - Resetting"
      },
      {
        "ModuleType": 2,
        "Time": "2022-09-29T15:00:00.2165771Z",
        "Message": "Daily Reset - Resetting"
      },
      {
        "ModuleType": 2,
        "Time": "2022-09-30T15:00:00.6835788Z",
        "Message": "Daily Reset - Resetting"
      },
      {
        "ModuleType": 2,
        "Time": "2022-09-30T20:53:40.4121064Z",
        "Message": "讨伐歼灭战 Completed"
      },
      {
        "ModuleType": 2,
        "Time": "2022-09-30T20:53:40.4141481Z",
        "Message": "All Tasks Completed"
      },
      {
        "ModuleType": 2,
        "Time": "2022-10-01T23:38:49.2026378Z",
        "Message": "Daily Reset - Resetting"
      },
      {
        "ModuleType": 2,
        "Time": "2022-10-02T15:00:00.0794669Z",
        "Message": "Daily Reset - Resetting"
      },
      {
        "ModuleType": 2,
        "Time": "2022-10-04T00:02:58.962929Z",
        "Message": "Daily Reset - Resetting"
      },
      {
        "ModuleType": 2,
        "Time": "2022-10-04T15:00:00.8854356Z",
        "Message": "Daily Reset - Resetting"
      },
      {
        "ModuleType": 2,
        "Time": "2022-10-05T23:35:23.3577225Z",
        "Message": "Daily Reset - Resetting"
      },
      {
        "ModuleType": 2,
        "Time": "2022-10-06T15:00:00.1200924Z",
        "Message": "Daily Reset - Resetting"
      },
      {
        "ModuleType": 2,
        "Time": "2022-10-08T00:07:52.3393449Z",
        "Message": "Daily Reset - Resetting"
      },
      {
        "ModuleType": 2,
        "Time": "2022-10-08T15:00:00.3122227Z",
        "Message": "Daily Reset - Resetting"
      },
      {
        "ModuleType": 2,
        "Time": "2022-10-10T00:09:07.0741951Z",
        "Message": "Daily Reset - Resetting"
      },
      {
        "ModuleType": 2,
        "Time": "2022-10-10T15:00:00.4574233Z",
        "Message": "Daily Reset - Resetting"
      },
      {
        "ModuleType": 2,
        "Time": "2022-10-11T23:36:40.1898858Z",
        "Message": "Daily Reset - Resetting"
      },
      {
        "ModuleType": 2,
        "Time": "2022-10-12T15:00:00.996834Z",
        "Message": "Daily Reset - Resetting"
      },
      {
        "ModuleType": 2,
        "Time": "2022-10-13T23:31:51.3137669Z",
        "Message": "Daily Reset - Resetting"
      },
      {
        "ModuleType": 2,
        "Time": "2022-10-14T15:00:00.9205827Z",
        "Message": "Daily Reset - Resetting"
      },
      {
        "ModuleType": 2,
        "Time": "2022-10-16T00:16:58.1375526Z",
        "Message": "Daily Reset - Resetting"
      },
      {
        "ModuleType": 2,
        "Time": "2022-10-16T15:00:00.4822691Z",
        "Message": "Daily Reset - Resetting"
      },
      {
        "ModuleType": 2,
        "Time": "2022-10-17T23:44:39.1642873Z",
        "Message": "Daily Reset - Resetting"
      },
      {
        "ModuleType": 2,
        "Time": "2022-10-18T15:00:00.8569526Z",
        "Message": "Daily Reset - Resetting"
      },
      {
        "ModuleType": 2,
        "Time": "2022-10-19T04:01:00.7776112Z",
        "Message": "练级 Completed"
      },
      {
        "ModuleType": 2,
        "Time": "2022-10-19T04:01:00.77964Z",
        "Message": "All Tasks Completed"
      },
      {
        "ModuleType": 2,
        "Time": "2022-10-19T23:34:05.2841781Z",
        "Message": "Daily Reset - Resetting"
      },
      {
        "ModuleType": 2,
        "Time": "2022-10-20T15:00:00.3548733Z",
        "Message": "Daily Reset - Resetting"
      },
      {
        "ModuleType": 2,
        "Time": "2022-10-21T23:23:27.1730683Z",
        "Message": "Daily Reset - Resetting"
      },
      {
        "ModuleType": 2,
        "Time": "2022-10-22T15:00:00.6332498Z",
        "Message": "Daily Reset - Resetting"
      },
      {
        "ModuleType": 2,
        "Time": "2022-10-23T23:39:24.2439815Z",
        "Message": "Daily Reset - Resetting"
      },
      {
        "ModuleType": 2,
        "Time": "2022-10-24T15:00:00.6341899Z",
        "Message": "Daily Reset - Resetting"
      },
      {
        "ModuleType": 2,
        "Time": "2022-10-25T23:33:10.4152349Z",
        "Message": "Daily Reset - Resetting"
      },
      {
        "ModuleType": 2,
        "Time": "2022-10-26T15:00:00.2327876Z",
        "Message": "Daily Reset - Resetting"
      }
    ],
    "MiniCactpot": [
      {
        "ModuleType": 11,
        "Time": "2022-08-24T15:00:00.3335945Z",
        "Message": "Daily Reset - Resetting"
      },
      {
        "ModuleType": 11,
        "Time": "2022-08-25T15:00:00.4930886Z",
        "Message": "Daily Reset - Resetting"
      },
      {
        "ModuleType": 11,
        "Time": "2022-08-26T15:00:00.1591331Z",
        "Message": "Daily Reset - Resetting"
      },
      {
        "ModuleType": 11,
        "Time": "2022-08-27T15:00:00.5645709Z",
        "Message": "Daily Reset - Resetting"
      },
      {
        "ModuleType": 11,
        "Time": "2022-08-28T15:00:00.0557424Z",
        "Message": "Daily Reset - Resetting"
      },
      {
        "ModuleType": 11,
        "Time": "2022-08-29T15:00:00.1127387Z",
        "Message": "Daily Reset - Resetting"
      },
      {
        "ModuleType": 11,
        "Time": "2022-08-31T10:30:23.1450471Z",
        "Message": "Daily Reset - Resetting"
      },
      {
        "ModuleType": 11,
        "Time": "2022-08-31T15:00:00.2000685Z",
        "Message": "Daily Reset - Resetting"
      },
      {
        "ModuleType": 11,
        "Time": "2022-09-01T15:00:00.134117Z",
        "Message": "Daily Reset - Resetting"
      },
      {
        "ModuleType": 11,
        "Time": "2022-09-02T15:00:00.3085824Z",
        "Message": "Daily Reset - Resetting"
      },
      {
        "ModuleType": 11,
        "Time": "2022-09-03T15:00:00.6248124Z",
        "Message": "Daily Reset - Resetting"
      },
      {
        "ModuleType": 11,
        "Time": "2022-09-04T15:00:00.757253Z",
        "Message": "Daily Reset - Resetting"
      },
      {
        "ModuleType": 11,
        "Time": "2022-09-05T15:00:00.3308768Z",
        "Message": "Daily Reset - Resetting"
      },
      {
        "ModuleType": 11,
        "Time": "2022-09-06T08:20:48.0495199Z",
        "Message": "Mini Cactpot Ticket Purchased"
      },
      {
        "ModuleType": 11,
        "Time": "2022-09-06T08:20:53.5333293Z",
        "Message": "Mini Cactpot Ticket Purchased"
      },
      {
        "ModuleType": 11,
        "Time": "2022-09-06T08:20:59.8665085Z",
        "Message": "Mini Cactpot Ticket Purchased"
      },
      {
        "ModuleType": 11,
        "Time": "2022-09-06T15:00:00.1593797Z",
        "Message": "Daily Reset - Resetting"
      },
      {
        "ModuleType": 11,
        "Time": "2022-09-07T15:41:55.2892667Z",
        "Message": "Daily Reset - Resetting"
      },
      {
        "ModuleType": 11,
        "Time": "2022-09-08T15:00:00.7498304Z",
        "Message": "Daily Reset - Resetting"
      },
      {
        "ModuleType": 11,
        "Time": "2022-09-09T15:00:00.2889399Z",
        "Message": "Daily Reset - Resetting"
      },
      {
        "ModuleType": 11,
        "Time": "2022-09-10T12:56:46.8853784Z",
        "Message": "Mini Cactpot Ticket Purchased"
      },
      {
        "ModuleType": 11,
        "Time": "2022-09-10T12:56:54.0998431Z",
        "Message": "Mini Cactpot Ticket Purchased"
      },
      {
        "ModuleType": 11,
        "Time": "2022-09-10T12:57:01.150413Z",
        "Message": "Mini Cactpot Ticket Purchased"
      },
      {
        "ModuleType": 11,
        "Time": "2022-09-10T15:00:00.9553351Z",
        "Message": "Daily Reset - Resetting"
      },
      {
        "ModuleType": 11,
        "Time": "2022-09-10T21:44:25.9309132Z",
        "Message": "Mini Cactpot Ticket Purchased"
      },
      {
        "ModuleType": 11,
        "Time": "2022-09-10T21:44:32.6365932Z",
        "Message": "Mini Cactpot Ticket Purchased"
      },
      {
        "ModuleType": 11,
        "Time": "2022-09-10T21:44:39.1150469Z",
        "Message": "Mini Cactpot Ticket Purchased"
      },
      {
        "ModuleType": 11,
        "Time": "2022-09-11T15:00:00.9458015Z",
        "Message": "Daily Reset - Resetting"
      },
      {
        "ModuleType": 11,
        "Time": "2022-09-12T07:59:06.88658Z",
        "Message": "Mini Cactpot Ticket Purchased"
      },
      {
        "ModuleType": 11,
        "Time": "2022-09-12T07:59:12.768571Z",
        "Message": "Mini Cactpot Ticket Purchased"
      },
      {
        "ModuleType": 11,
        "Time": "2022-09-12T07:59:18.6860194Z",
        "Message": "Mini Cactpot Ticket Purchased"
      },
      {
        "ModuleType": 11,
        "Time": "2022-09-12T15:00:00.6122322Z",
        "Message": "Daily Reset - Resetting"
      },
      {
        "ModuleType": 11,
        "Time": "2022-09-12T22:02:23.564089Z",
        "Message": "Mini Cactpot Ticket Purchased"
      },
      {
        "ModuleType": 11,
        "Time": "2022-09-12T22:02:29.3627202Z",
        "Message": "Mini Cactpot Ticket Purchased"
      },
      {
        "ModuleType": 11,
        "Time": "2022-09-12T22:02:35.565404Z",
        "Message": "Mini Cactpot Ticket Purchased"
      },
      {
        "ModuleType": 11,
        "Time": "2022-09-13T15:00:00.6764166Z",
        "Message": "Daily Reset - Resetting"
      },
      {
        "ModuleType": 11,
        "Time": "2022-09-14T10:41:55.0555156Z",
        "Message": "Mini Cactpot Ticket Purchased"
      },
      {
        "ModuleType": 11,
        "Time": "2022-09-14T10:42:01.5379869Z",
        "Message": "Mini Cactpot Ticket Purchased"
      },
      {
        "ModuleType": 11,
        "Time": "2022-09-14T10:42:07.6053542Z",
        "Message": "Mini Cactpot Ticket Purchased"
      },
      {
        "ModuleType": 11,
        "Time": "2022-09-14T15:00:00.3617907Z",
        "Message": "Daily Reset - Resetting"
      },
      {
        "ModuleType": 11,
        "Time": "2022-09-15T15:00:00.1289521Z",
        "Message": "Daily Reset - Resetting"
      },
      {
        "ModuleType": 11,
        "Time": "2022-09-16T15:00:00.0695821Z",
        "Message": "Daily Reset - Resetting"
      },
      {
        "ModuleType": 11,
        "Time": "2022-09-16T22:16:07.3912627Z",
        "Message": "Mini Cactpot Ticket Purchased"
      },
      {
        "ModuleType": 11,
        "Time": "2022-09-16T22:16:13.8378948Z",
        "Message": "Mini Cactpot Ticket Purchased"
      },
      {
        "ModuleType": 11,
        "Time": "2022-09-16T22:16:20.1382682Z",
        "Message": "Mini Cactpot Ticket Purchased"
      },
      {
        "ModuleType": 11,
        "Time": "2022-09-17T15:00:00.8388878Z",
        "Message": "Daily Reset - Resetting"
      },
      {
        "ModuleType": 11,
        "Time": "2022-09-18T15:00:00.1594097Z",
        "Message": "Daily Reset - Resetting"
      },
      {
        "ModuleType": 11,
        "Time": "2022-09-19T15:00:00.1280406Z",
        "Message": "Daily Reset - Resetting"
      },
      {
        "ModuleType": 11,
        "Time": "2022-09-20T15:00:00.4015868Z",
        "Message": "Daily Reset - Resetting"
      },
      {
        "ModuleType": 11,
        "Time": "2022-09-21T15:00:00.4348988Z",
        "Message": "Daily Reset - Resetting"
      },
      {
        "ModuleType": 11,
        "Time": "2022-09-22T15:00:00.5818717Z",
        "Message": "Daily Reset - Resetting"
      },
      {
        "ModuleType": 11,
        "Time": "2022-09-23T15:00:00.5193229Z",
        "Message": "Daily Reset - Resetting"
      },
      {
        "ModuleType": 11,
        "Time": "2022-09-24T09:01:55.4532992Z",
        "Message": "Mini Cactpot Ticket Purchased"
      },
      {
        "ModuleType": 11,
        "Time": "2022-09-24T09:02:01.7196764Z",
        "Message": "Mini Cactpot Ticket Purchased"
      },
      {
        "ModuleType": 11,
        "Time": "2022-09-24T09:02:08.5037388Z",
        "Message": "Mini Cactpot Ticket Purchased"
      },
      {
        "ModuleType": 11,
        "Time": "2022-09-24T15:00:00.6550517Z",
        "Message": "Daily Reset - Resetting"
      },
      {
        "ModuleType": 11,
        "Time": "2022-09-25T15:00:00.4703425Z",
        "Message": "Daily Reset - Resetting"
      },
      {
        "ModuleType": 11,
        "Time": "2022-09-26T15:00:00.0332975Z",
        "Message": "Daily Reset - Resetting"
      },
      {
        "ModuleType": 11,
        "Time": "2022-09-27T15:00:00.8991359Z",
        "Message": "Daily Reset - Resetting"
      },
      {
        "ModuleType": 11,
        "Time": "2022-09-28T08:36:59.4389068Z",
        "Message": "Mini Cactpot Ticket Purchased"
      },
      {
        "ModuleType": 11,
        "Time": "2022-09-28T08:37:06.2556983Z",
        "Message": "Mini Cactpot Ticket Purchased"
      },
      {
        "ModuleType": 11,
        "Time": "2022-09-28T08:37:11.9385664Z",
        "Message": "Mini Cactpot Ticket Purchased"
      },
      {
        "ModuleType": 11,
        "Time": "2022-09-28T15:00:00.4404748Z",
        "Message": "Daily Reset - Resetting"
      },
      {
        "ModuleType": 11,
        "Time": "2022-09-29T15:00:00.2198284Z",
        "Message": "Daily Reset - Resetting"
      },
      {
        "ModuleType": 11,
        "Time": "2022-09-30T15:00:00.6994793Z",
        "Message": "Daily Reset - Resetting"
      },
      {
        "ModuleType": 11,
        "Time": "2022-10-01T23:38:49.2196767Z",
        "Message": "Daily Reset - Resetting"
      },
      {
        "ModuleType": 11,
        "Time": "2022-10-02T15:00:00.097802Z",
        "Message": "Daily Reset - Resetting"
      },
      {
        "ModuleType": 11,
        "Time": "2022-10-04T00:02:58.9781243Z",
        "Message": "Daily Reset - Resetting"
      },
      {
        "ModuleType": 11,
        "Time": "2022-10-04T15:00:00.8876912Z",
        "Message": "Daily Reset - Resetting"
      },
      {
        "ModuleType": 11,
        "Time": "2022-10-05T01:52:37.3091263Z",
        "Message": "Mini Cactpot Ticket Purchased"
      },
      {
        "ModuleType": 11,
        "Time": "2022-10-05T01:52:43.7229343Z",
        "Message": "Mini Cactpot Ticket Purchased"
      },
      {
        "ModuleType": 11,
        "Time": "2022-10-05T01:52:51.5399314Z",
        "Message": "Mini Cactpot Ticket Purchased"
      },
      {
        "ModuleType": 11,
        "Time": "2022-10-05T23:35:23.3790417Z",
        "Message": "Daily Reset - Resetting"
      },
      {
        "ModuleType": 11,
        "Time": "2022-10-06T15:00:00.1225013Z",
        "Message": "Daily Reset - Resetting"
      },
      {
        "ModuleType": 11,
        "Time": "2022-10-06T23:37:31.5171554Z",
        "Message": "Mini Cactpot Ticket Purchased"
      },
      {
        "ModuleType": 11,
        "Time": "2022-10-06T23:37:38.9511955Z",
        "Message": "Mini Cactpot Ticket Purchased"
      },
      {
        "ModuleType": 11,
        "Time": "2022-10-06T23:37:45.0330604Z",
        "Message": "Mini Cactpot Ticket Purchased"
      },
      {
        "ModuleType": 11,
        "Time": "2022-10-08T00:07:52.356229Z",
        "Message": "Daily Reset - Resetting"
      },
      {
        "ModuleType": 11,
        "Time": "2022-10-08T15:00:00.3138686Z",
        "Message": "Daily Reset - Resetting"
      },
      {
        "ModuleType": 11,
        "Time": "2022-10-10T00:09:07.0908939Z",
        "Message": "Daily Reset - Resetting"
      },
      {
        "ModuleType": 11,
        "Time": "2022-10-10T15:00:00.4596816Z",
        "Message": "Daily Reset - Resetting"
      },
      {
        "ModuleType": 11,
        "Time": "2022-10-11T23:36:40.2096936Z",
        "Message": "Daily Reset - Resetting"
      },
      {
        "ModuleType": 11,
        "Time": "2022-10-12T15:00:00.9987927Z",
        "Message": "Daily Reset - Resetting"
      },
      {
        "ModuleType": 11,
        "Time": "2022-10-13T23:31:51.3299942Z",
        "Message": "Daily Reset - Resetting"
      },
      {
        "ModuleType": 11,
        "Time": "2022-10-14T15:00:00.9233198Z",
        "Message": "Daily Reset - Resetting"
      },
      {
        "ModuleType": 11,
        "Time": "2022-10-16T00:16:58.1528655Z",
        "Message": "Daily Reset - Resetting"
      },
      {
        "ModuleType": 11,
        "Time": "2022-10-16T15:00:00.4848191Z",
        "Message": "Daily Reset - Resetting"
      },
      {
        "ModuleType": 11,
        "Time": "2022-10-17T23:44:39.1804562Z",
        "Message": "Daily Reset - Resetting"
      },
      {
        "ModuleType": 11,
        "Time": "2022-10-18T15:00:00.8587115Z",
        "Message": "Daily Reset - Resetting"
      },
      {
        "ModuleType": 11,
        "Time": "2022-10-19T23:34:05.300147Z",
        "Message": "Daily Reset - Resetting"
      },
      {
        "ModuleType": 11,
        "Time": "2022-10-20T15:00:00.3656392Z",
        "Message": "Daily Reset - Resetting"
      },
      {
        "ModuleType": 11,
        "Time": "2022-10-21T23:23:27.1891935Z",
        "Message": "Daily Reset - Resetting"
      },
      {
        "ModuleType": 11,
        "Time": "2022-10-22T15:00:00.6354498Z",
        "Message": "Daily Reset - Resetting"
      },
      {
        "ModuleType": 11,
        "Time": "2022-10-23T23:39:24.2611268Z",
        "Message": "Daily Reset - Resetting"
      },
      {
        "ModuleType": 11,
        "Time": "2022-10-24T15:00:00.6369008Z",
        "Message": "Daily Reset - Resetting"
      },
      {
        "ModuleType": 11,
        "Time": "2022-10-25T23:33:10.435605Z",
        "Message": "Daily Reset - Resetting"
      },
      {
        "ModuleType": 11,
        "Time": "2022-10-26T12:51:32.5773108Z",
        "Message": "Mini Cactpot Ticket Purchased"
      },
      {
        "ModuleType": 11,
        "Time": "2022-10-26T12:51:41.1624706Z",
        "Message": "Mini Cactpot Ticket Purchased"
      },
      {
        "ModuleType": 11,
        "Time": "2022-10-26T12:51:47.4958871Z",
        "Message": "Mini Cactpot Ticket Purchased"
      },
      {
        "ModuleType": 11,
        "Time": "2022-10-26T15:00:00.2361693Z",
        "Message": "Daily Reset - Resetting"
      }
    ],
    "DomanEnclave": [
      {
        "ModuleType": 13,
        "Time": "2022-08-10T07:20:36.7596753Z",
        "Message": "Weekly Reset - Resetting"
      },
      {
        "ModuleType": 13,
        "Time": "2022-08-14T12:54:21.9883133Z",
        "Message": "Weekly Allowance Updated - 40000"
      },
      {
        "ModuleType": 13,
        "Time": "2022-08-14T12:54:58.1233013Z",
        "Message": "Donation Value Updated - 40000"
      },
      {
        "ModuleType": 13,
        "Time": "2022-08-16T08:00:00.7896818Z",
        "Message": "Weekly Reset - Resetting"
      },
      {
        "ModuleType": 13,
        "Time": "2022-08-23T08:17:07.2510811Z",
        "Message": "Weekly Reset - Resetting"
      },
      {
        "ModuleType": 13,
        "Time": "2022-08-23T22:11:20.6987206Z",
        "Message": "Donation Value Updated - 40000"
      },
      {
        "ModuleType": 13,
        "Time": "2022-08-31T10:30:23.1464232Z",
        "Message": "Weekly Reset - Resetting"
      },
      {
        "ModuleType": 13,
        "Time": "2022-09-06T08:17:14.2448436Z",
        "Message": "Weekly Reset - Resetting"
      },
      {
        "ModuleType": 13,
        "Time": "2022-09-13T08:11:37.2790907Z",
        "Message": "Weekly Reset - Resetting"
      },
      {
        "ModuleType": 13,
        "Time": "2022-09-20T08:00:00.3895098Z",
        "Message": "Weekly Reset - Resetting"
      },
      {
        "ModuleType": 13,
        "Time": "2022-09-27T09:23:07.1848093Z",
        "Message": "Weekly Reset - Resetting"
      },
      {
        "ModuleType": 13,
        "Time": "2022-09-28T08:36:21.5859449Z",
        "Message": "Donation Value Updated - 40000"
      },
      {
        "ModuleType": 13,
        "Time": "2022-10-04T08:00:00.0821493Z",
        "Message": "Weekly Reset - Resetting"
      },
      {
        "ModuleType": 13,
        "Time": "2022-10-11T23:36:40.2113762Z",
        "Message": "Weekly Reset - Resetting"
      },
      {
        "ModuleType": 13,
        "Time": "2022-10-16T19:39:58.0394398Z",
        "Message": "Donation Value Updated - 40000"
      },
      {
        "ModuleType": 13,
        "Time": "2022-10-18T08:00:00.4544519Z",
        "Message": "Weekly Reset - Resetting"
      },
      {
        "ModuleType": 13,
        "Time": "2022-10-18T16:52:52.2218963Z",
        "Message": "Donation Value Updated - 40000"
      },
      {
        "ModuleType": 13,
        "Time": "2022-10-25T08:00:00.3220139Z",
        "Message": "Weekly Reset - Resetting"
      },
      {
        "ModuleType": 13,
        "Time": "2022-10-25T08:00:00.3271027Z",
        "Message": "Donation Value Updated - 40000"
      },
      {
        "ModuleType": 13,
        "Time": "2022-10-26T16:09:14.3847535Z",
        "Message": "Donation Value Updated - 0"
      }
    ],
    "FashionReport": [
      {
        "ModuleType": 14,
        "Time": "2022-08-10T07:20:36.7609777Z",
        "Message": "Weekly Reset - Resetting"
      },
      {
        "ModuleType": 14,
        "Time": "2022-08-16T08:00:00.7909995Z",
        "Message": "Weekly Reset - Resetting"
      },
      {
        "ModuleType": 14,
        "Time": "2022-08-23T08:17:07.2696343Z",
        "Message": "Weekly Reset - Resetting"
      },
      {
        "ModuleType": 14,
        "Time": "2022-08-31T10:30:23.1476178Z",
        "Message": "Weekly Reset - Resetting"
      },
      {
        "ModuleType": 14,
        "Time": "2022-09-06T08:17:14.2613768Z",
        "Message": "Weekly Reset - Resetting"
      },
      {
        "ModuleType": 14,
        "Time": "2022-09-13T08:11:37.2945497Z",
        "Message": "Weekly Reset - Resetting"
      },
      {
        "ModuleType": 14,
        "Time": "2022-09-20T08:00:00.39103Z",
        "Message": "Weekly Reset - Resetting"
      },
      {
        "ModuleType": 14,
        "Time": "2022-09-27T09:23:07.2118718Z",
        "Message": "Weekly Reset - Resetting"
      },
      {
        "ModuleType": 14,
        "Time": "2022-10-04T08:00:00.0840902Z",
        "Message": "Weekly Reset - Resetting"
      },
      {
        "ModuleType": 14,
        "Time": "2022-10-11T23:36:40.2127161Z",
        "Message": "Weekly Reset - Resetting"
      },
      {
        "ModuleType": 14,
        "Time": "2022-10-18T08:00:00.456602Z",
        "Message": "Weekly Reset - Resetting"
      },
      {
        "ModuleType": 14,
        "Time": "2022-10-25T08:00:00.3239916Z",
        "Message": "Weekly Reset - Resetting"
      }
    ],
    "HuntMarksWeekly": [
      {
        "ModuleType": 16,
        "Time": "2022-08-10T07:20:36.7642118Z",
        "Message": "Weekly Reset - Resetting"
      },
      {
        "ModuleType": 16,
        "Time": "2022-08-10T07:20:36.7876486Z",
        "Message": "StormbloodElite - Mark Bill Obtained"
      },
      {
        "ModuleType": 16,
        "Time": "2022-08-16T08:00:00.7920833Z",
        "Message": "Weekly Reset - Resetting"
      },
      {
        "ModuleType": 16,
        "Time": "2022-08-16T08:00:01.2727739Z",
        "Message": "StormbloodElite - Mark Bill Obtained"
      },
      {
        "ModuleType": 16,
        "Time": "2022-08-23T08:17:07.2740462Z",
        "Message": "Weekly Reset - Resetting"
      },
      {
        "ModuleType": 16,
        "Time": "2022-08-23T08:17:07.2902794Z",
        "Message": "StormbloodElite - Mark Bill Obtained"
      },
      {
        "ModuleType": 16,
        "Time": "2022-08-31T10:30:23.1487466Z",
        "Message": "Weekly Reset - Resetting"
      },
      {
        "ModuleType": 16,
        "Time": "2022-08-31T10:30:23.1709385Z",
        "Message": "StormbloodElite - Mark Bill Obtained"
      },
      {
        "ModuleType": 16,
        "Time": "2022-09-06T08:17:14.2626389Z",
        "Message": "Weekly Reset - Resetting"
      },
      {
        "ModuleType": 16,
        "Time": "2022-09-06T08:17:14.289301Z",
        "Message": "StormbloodElite - Mark Bill Obtained"
      },
      {
        "ModuleType": 16,
        "Time": "2022-09-13T08:11:37.2960838Z",
        "Message": "Weekly Reset - Resetting"
      },
      {
        "ModuleType": 16,
        "Time": "2022-09-13T08:11:37.3054379Z",
        "Message": "StormbloodElite - Mark Bill Obtained"
      },
      {
        "ModuleType": 16,
        "Time": "2022-09-20T08:00:00.3927034Z",
        "Message": "Weekly Reset - Resetting"
      },
      {
        "ModuleType": 16,
        "Time": "2022-09-20T08:00:00.4717244Z",
        "Message": "StormbloodElite - Mark Bill Obtained"
      },
      {
        "ModuleType": 16,
        "Time": "2022-09-27T09:23:07.2149518Z",
        "Message": "Weekly Reset - Resetting"
      },
      {
        "ModuleType": 16,
        "Time": "2022-09-27T09:23:07.2525796Z",
        "Message": "StormbloodElite - Mark Bill Obtained"
      },
      {
        "ModuleType": 16,
        "Time": "2022-10-04T08:00:00.0856709Z",
        "Message": "Weekly Reset - Resetting"
      },
      {
        "ModuleType": 16,
        "Time": "2022-10-04T08:00:00.3321792Z",
        "Message": "StormbloodElite - Mark Bill Obtained"
      },
      {
        "ModuleType": 16,
        "Time": "2022-10-11T23:36:40.2141267Z",
        "Message": "Weekly Reset - Resetting"
      },
      {
        "ModuleType": 16,
        "Time": "2022-10-11T23:36:40.2377799Z",
        "Message": "StormbloodElite - Mark Bill Obtained"
      },
      {
        "ModuleType": 16,
        "Time": "2022-10-18T08:00:00.4581988Z",
        "Message": "Weekly Reset - Resetting"
      },
      {
        "ModuleType": 16,
        "Time": "2022-10-18T08:00:00.8130765Z",
        "Message": "StormbloodElite - Mark Bill Obtained"
      },
      {
        "ModuleType": 16,
        "Time": "2022-10-25T08:00:00.3255565Z",
        "Message": "Weekly Reset - Resetting"
      },
      {
        "ModuleType": 16,
        "Time": "2022-10-25T08:00:00.8041074Z",
        "Message": "StormbloodElite - Mark Bill Obtained"
      }
    ],
    "HuntMarksDaily": [
      {
        "ModuleType": 19,
        "Time": "2022-08-10T07:20:36.7651915Z",
        "Message": "Daily Reset - Resetting"
      },
      {
        "ModuleType": 19,
        "Time": "2022-08-10T15:00:00.1898046Z",
        "Message": "Daily Reset - Resetting"
      },
      {
        "ModuleType": 19,
        "Time": "2022-08-11T15:00:00.5875028Z",
        "Message": "Daily Reset - Resetting"
      },
      {
        "ModuleType": 19,
        "Time": "2022-08-12T15:00:00.9177503Z",
        "Message": "Daily Reset - Resetting"
      },
      {
        "ModuleType": 19,
        "Time": "2022-08-13T15:00:00.2128717Z",
        "Message": "Daily Reset - Resetting"
      },
      {
        "ModuleType": 19,
        "Time": "2022-08-14T15:00:00.3149841Z",
        "Message": "Daily Reset - Resetting"
      },
      {
        "ModuleType": 19,
        "Time": "2022-08-15T15:00:00.8951385Z",
        "Message": "Daily Reset - Resetting"
      },
      {
        "ModuleType": 19,
        "Time": "2022-08-16T15:00:00.0305623Z",
        "Message": "Daily Reset - Resetting"
      },
      {
        "ModuleType": 19,
        "Time": "2022-08-17T15:00:00.1198382Z",
        "Message": "Daily Reset - Resetting"
      },
      {
        "ModuleType": 19,
        "Time": "2022-08-18T15:00:00.7374768Z",
        "Message": "Daily Reset - Resetting"
      },
      {
        "ModuleType": 19,
        "Time": "2022-08-19T15:00:00.1700261Z",
        "Message": "Daily Reset - Resetting"
      },
      {
        "ModuleType": 19,
        "Time": "2022-08-20T15:00:00.9369655Z",
        "Message": "Daily Reset - Resetting"
      },
      {
        "ModuleType": 19,
        "Time": "2022-08-21T15:00:00.6983077Z",
        "Message": "Daily Reset - Resetting"
      },
      {
        "ModuleType": 19,
        "Time": "2022-08-22T15:00:00.1392502Z",
        "Message": "Daily Reset - Resetting"
      },
      {
        "ModuleType": 19,
        "Time": "2022-08-23T15:00:00.2039208Z",
        "Message": "Daily Reset - Resetting"
      },
      {
        "ModuleType": 19,
        "Time": "2022-08-24T15:00:00.3346299Z",
        "Message": "Daily Reset - Resetting"
      },
      {
        "ModuleType": 19,
        "Time": "2022-08-25T15:00:00.4942293Z",
        "Message": "Daily Reset - Resetting"
      },
      {
        "ModuleType": 19,
        "Time": "2022-08-26T15:00:00.1603373Z",
        "Message": "Daily Reset - Resetting"
      },
      {
        "ModuleType": 19,
        "Time": "2022-08-27T15:00:00.5657724Z",
        "Message": "Daily Reset - Resetting"
      },
      {
        "ModuleType": 19,
        "Time": "2022-08-28T15:00:00.0584606Z",
        "Message": "Daily Reset - Resetting"
      },
      {
        "ModuleType": 19,
        "Time": "2022-08-29T15:00:00.1140345Z",
        "Message": "Daily Reset - Resetting"
      },
      {
        "ModuleType": 19,
        "Time": "2022-08-31T10:30:23.1501937Z",
        "Message": "Daily Reset - Resetting"
      },
      {
        "ModuleType": 19,
        "Time": "2022-08-31T15:00:00.2010896Z",
        "Message": "Daily Reset - Resetting"
      },
      {
        "ModuleType": 19,
        "Time": "2022-09-01T15:00:00.1387228Z",
        "Message": "Daily Reset - Resetting"
      },
      {
        "ModuleType": 19,
        "Time": "2022-09-02T15:00:00.3097351Z",
        "Message": "Daily Reset - Resetting"
      },
      {
        "ModuleType": 19,
        "Time": "2022-09-03T15:00:00.6260402Z",
        "Message": "Daily Reset - Resetting"
      },
      {
        "ModuleType": 19,
        "Time": "2022-09-04T15:00:00.7584337Z",
        "Message": "Daily Reset - Resetting"
      },
      {
        "ModuleType": 19,
        "Time": "2022-09-05T15:00:00.3324328Z",
        "Message": "Daily Reset - Resetting"
      },
      {
        "ModuleType": 19,
        "Time": "2022-09-06T15:00:00.1606418Z",
        "Message": "Daily Reset - Resetting"
      },
      {
        "ModuleType": 19,
        "Time": "2022-09-07T15:41:55.290655Z",
        "Message": "Daily Reset - Resetting"
      },
      {
        "ModuleType": 19,
        "Time": "2022-09-08T15:00:00.7512752Z",
        "Message": "Daily Reset - Resetting"
      },
      {
        "ModuleType": 19,
        "Time": "2022-09-09T15:00:00.2901013Z",
        "Message": "Daily Reset - Resetting"
      },
      {
        "ModuleType": 19,
        "Time": "2022-09-10T15:00:00.9565435Z",
        "Message": "Daily Reset - Resetting"
      },
      {
        "ModuleType": 19,
        "Time": "2022-09-11T15:00:00.948612Z",
        "Message": "Daily Reset - Resetting"
      },
      {
        "ModuleType": 19,
        "Time": "2022-09-12T15:00:00.6140946Z",
        "Message": "Daily Reset - Resetting"
      },
      {
        "ModuleType": 19,
        "Time": "2022-09-13T15:00:00.6779499Z",
        "Message": "Daily Reset - Resetting"
      },
      {
        "ModuleType": 19,
        "Time": "2022-09-14T15:00:00.3630797Z",
        "Message": "Daily Reset - Resetting"
      },
      {
        "ModuleType": 19,
        "Time": "2022-09-15T15:00:00.1315364Z",
        "Message": "Daily Reset - Resetting"
      },
      {
        "ModuleType": 19,
        "Time": "2022-09-16T15:00:00.0709326Z",
        "Message": "Daily Reset - Resetting"
      },
      {
        "ModuleType": 19,
        "Time": "2022-09-17T15:00:00.8403479Z",
        "Message": "Daily Reset - Resetting"
      },
      {
        "ModuleType": 19,
        "Time": "2022-09-18T15:00:00.1607286Z",
        "Message": "Daily Reset - Resetting"
      },
      {
        "ModuleType": 19,
        "Time": "2022-09-19T15:00:00.1293386Z",
        "Message": "Daily Reset - Resetting"
      },
      {
        "ModuleType": 19,
        "Time": "2022-09-20T15:00:00.4033719Z",
        "Message": "Daily Reset - Resetting"
      },
      {
        "ModuleType": 19,
        "Time": "2022-09-21T15:00:00.4384434Z",
        "Message": "Daily Reset - Resetting"
      },
      {
        "ModuleType": 19,
        "Time": "2022-09-22T15:00:00.583743Z",
        "Message": "Daily Reset - Resetting"
      },
      {
        "ModuleType": 19,
        "Time": "2022-09-23T15:00:00.5210298Z",
        "Message": "Daily Reset - Resetting"
      },
      {
        "ModuleType": 19,
        "Time": "2022-09-24T15:00:00.6574098Z",
        "Message": "Daily Reset - Resetting"
      },
      {
        "ModuleType": 19,
        "Time": "2022-09-25T15:00:00.4718549Z",
        "Message": "Daily Reset - Resetting"
      },
      {
        "ModuleType": 19,
        "Time": "2022-09-26T15:00:00.0347071Z",
        "Message": "Daily Reset - Resetting"
      },
      {
        "ModuleType": 19,
        "Time": "2022-09-27T15:00:00.9012612Z",
        "Message": "Daily Reset - Resetting"
      },
      {
        "ModuleType": 19,
        "Time": "2022-09-28T15:00:00.44232Z",
        "Message": "Daily Reset - Resetting"
      },
      {
        "ModuleType": 19,
        "Time": "2022-09-29T15:00:00.2210253Z",
        "Message": "Daily Reset - Resetting"
      },
      {
        "ModuleType": 19,
        "Time": "2022-09-30T15:00:00.7010533Z",
        "Message": "Daily Reset - Resetting"
      },
      {
        "ModuleType": 19,
        "Time": "2022-10-01T23:38:49.2296817Z",
        "Message": "Daily Reset - Resetting"
      },
      {
        "ModuleType": 19,
        "Time": "2022-10-02T15:00:00.099273Z",
        "Message": "Daily Reset - Resetting"
      },
      {
        "ModuleType": 19,
        "Time": "2022-10-04T00:02:58.9797268Z",
        "Message": "Daily Reset - Resetting"
      },
      {
        "ModuleType": 19,
        "Time": "2022-10-04T15:00:00.8889259Z",
        "Message": "Daily Reset - Resetting"
      },
      {
        "ModuleType": 19,
        "Time": "2022-10-05T23:35:23.3814584Z",
        "Message": "Daily Reset - Resetting"
      },
      {
        "ModuleType": 19,
        "Time": "2022-10-06T15:00:00.1362724Z",
        "Message": "Daily Reset - Resetting"
      },
      {
        "ModuleType": 19,
        "Time": "2022-10-08T00:07:52.3577834Z",
        "Message": "Daily Reset - Resetting"
      },
      {
        "ModuleType": 19,
        "Time": "2022-10-08T15:00:00.3153484Z",
        "Message": "Daily Reset - Resetting"
      },
      {
        "ModuleType": 19,
        "Time": "2022-10-10T00:09:07.0923518Z",
        "Message": "Daily Reset - Resetting"
      },
      {
        "ModuleType": 19,
        "Time": "2022-10-10T15:00:00.4610215Z",
        "Message": "Daily Reset - Resetting"
      },
      {
        "ModuleType": 19,
        "Time": "2022-10-11T23:36:40.2155411Z",
        "Message": "Daily Reset - Resetting"
      },
      {
        "ModuleType": 19,
        "Time": "2022-10-12T15:00:01.0003108Z",
        "Message": "Daily Reset - Resetting"
      },
      {
        "ModuleType": 19,
        "Time": "2022-10-13T23:31:51.3315013Z",
        "Message": "Daily Reset - Resetting"
      },
      {
        "ModuleType": 19,
        "Time": "2022-10-14T15:00:00.9247238Z",
        "Message": "Daily Reset - Resetting"
      },
      {
        "ModuleType": 19,
        "Time": "2022-10-16T00:16:58.1582256Z",
        "Message": "Daily Reset - Resetting"
      },
      {
        "ModuleType": 19,
        "Time": "2022-10-16T15:00:00.4861447Z",
        "Message": "Daily Reset - Resetting"
      },
      {
        "ModuleType": 19,
        "Time": "2022-10-17T23:44:39.1819803Z",
        "Message": "Daily Reset - Resetting"
      },
      {
        "ModuleType": 19,
        "Time": "2022-10-18T15:00:00.860488Z",
        "Message": "Daily Reset - Resetting"
      },
      {
        "ModuleType": 19,
        "Time": "2022-10-19T23:34:05.302059Z",
        "Message": "Daily Reset - Resetting"
      },
      {
        "ModuleType": 19,
        "Time": "2022-10-20T15:00:00.3972955Z",
        "Message": "Daily Reset - Resetting"
      },
      {
        "ModuleType": 19,
        "Time": "2022-10-21T23:23:27.1909236Z",
        "Message": "Daily Reset - Resetting"
      },
      {
        "ModuleType": 19,
        "Time": "2022-10-22T15:00:00.6369796Z",
        "Message": "Daily Reset - Resetting"
      },
      {
        "ModuleType": 19,
        "Time": "2022-10-23T23:39:24.2627911Z",
        "Message": "Daily Reset - Resetting"
      },
      {
        "ModuleType": 19,
        "Time": "2022-10-24T15:00:00.63853Z",
        "Message": "Daily Reset - Resetting"
      },
      {
        "ModuleType": 19,
        "Time": "2022-10-25T23:33:10.4379672Z",
        "Message": "Daily Reset - Resetting"
      },
      {
        "ModuleType": 19,
        "Time": "2022-10-26T15:00:00.2379257Z",
        "Message": "Daily Reset - Resetting"
      }
    ],
    "JumboCactpot": [
      {
        "ModuleType": 15,
        "Time": "2022-08-11T07:55:28.4658217Z",
        "Message": "Weekly Reset - Resetting"
      },
      {
        "ModuleType": 15,
        "Time": "2022-08-13T11:00:00.6280836Z",
        "Message": "Weekly Reset - Resetting"
      },
      {
        "ModuleType": 15,
        "Time": "2022-08-14T08:45:49.925788Z",
        "Message": "ReSyncing Tickets"
      },
      {
        "ModuleType": 15,
        "Time": "2022-08-14T08:45:55.0883117Z",
        "Message": "Ticket Purchased - 2205"
      },
      {
        "ModuleType": 15,
        "Time": "2022-08-14T08:45:55.6389205Z",
        "Message": "Ticket Purchased - 2205"
      },
      {
        "ModuleType": 15,
        "Time": "2022-08-14T08:45:56.6094271Z",
        "Message": "Ticket Purchased - 2205"
      },
      {
        "ModuleType": 15,
        "Time": "2022-08-20T08:44:53.1033759Z",
        "Message": "ReSyncing Tickets"
      },
      {
        "ModuleType": 15,
        "Time": "2022-08-20T11:00:00.8582935Z",
        "Message": "Weekly Reset - Resetting"
      },
      {
        "ModuleType": 15,
        "Time": "2022-08-22T11:10:06.3543104Z",
        "Message": "ReSyncing Tickets"
      },
      {
        "ModuleType": 15,
        "Time": "2022-08-22T11:10:10.9896724Z",
        "Message": "Ticket Purchased - 2412"
      },
      {
        "ModuleType": 15,
        "Time": "2022-08-22T11:10:11.4065184Z",
        "Message": "Ticket Purchased - 2412"
      },
      {
        "ModuleType": 15,
        "Time": "2022-08-22T11:10:11.8064704Z",
        "Message": "Ticket Purchased - 2412"
      },
      {
        "ModuleType": 15,
        "Time": "2022-08-27T11:00:00.0361286Z",
        "Message": "Weekly Reset - Resetting"
      },
      {
        "ModuleType": 15,
        "Time": "2022-08-27T13:00:00.2417747Z",
        "Message": "Weekly Reset - Resetting"
      },
      {
        "ModuleType": 15,
        "Time": "2022-09-03T13:00:00.2853718Z",
        "Message": "Weekly Reset - Resetting"
      },
      {
        "ModuleType": 15,
        "Time": "2022-09-06T08:21:44.0188486Z",
        "Message": "ReSyncing Tickets"
      },
      {
        "ModuleType": 15,
        "Time": "2022-09-06T08:21:48.5826386Z",
        "Message": "Ticket Purchased - 8274"
      },
      {
        "ModuleType": 15,
        "Time": "2022-09-06T08:21:49.0804706Z",
        "Message": "Ticket Purchased - 8274"
      },
      {
        "ModuleType": 15,
        "Time": "2022-09-06T08:21:49.5152277Z",
        "Message": "Ticket Purchased - 8274"
      },
      {
        "ModuleType": 15,
        "Time": "2022-09-06T08:21:59.971683Z",
        "Message": "ReSyncing Tickets"
      },
      {
        "ModuleType": 15,
        "Time": "2022-09-10T13:00:00.0129744Z",
        "Message": "Weekly Reset - Resetting"
      },
      {
        "ModuleType": 15,
        "Time": "2022-09-12T22:03:42.8821658Z",
        "Message": "ReSyncing Tickets"
      },
      {
        "ModuleType": 15,
        "Time": "2022-09-12T22:03:47.3798249Z",
        "Message": "Ticket Purchased - 3942"
      },
      {
        "ModuleType": 15,
        "Time": "2022-09-12T22:03:47.813581Z",
        "Message": "Ticket Purchased - 3942"
      },
      {
        "ModuleType": 15,
        "Time": "2022-09-12T22:03:48.1633775Z",
        "Message": "Ticket Purchased - 3942"
      },
      {
        "ModuleType": 15,
        "Time": "2022-09-17T13:00:00.9239351Z",
        "Message": "Weekly Reset - Resetting"
      },
      {
        "ModuleType": 15,
        "Time": "2022-09-24T09:04:15.4904997Z",
        "Message": "ReSyncing Tickets"
      },
      {
        "ModuleType": 15,
        "Time": "2022-09-24T09:04:19.7390175Z",
        "Message": "Ticket Purchased - 9657"
      },
      {
        "ModuleType": 15,
        "Time": "2022-09-24T09:04:20.1694376Z",
        "Message": "Ticket Purchased - 9657"
      },
      {
        "ModuleType": 15,
        "Time": "2022-09-24T09:04:20.5694055Z",
        "Message": "Ticket Purchased - 9657"
      },
      {
        "ModuleType": 15,
        "Time": "2022-09-24T13:00:00.1172727Z",
        "Message": "Weekly Reset - Resetting"
      },
      {
        "ModuleType": 15,
        "Time": "2022-09-28T08:37:43.3903682Z",
        "Message": "ReSyncing Tickets"
      },
      {
        "ModuleType": 15,
        "Time": "2022-09-28T08:37:48.8557076Z",
        "Message": "Ticket Purchased - 9802"
      },
      {
        "ModuleType": 15,
        "Time": "2022-09-28T08:37:49.2221079Z",
        "Message": "Ticket Purchased - 9802"
      },
      {
        "ModuleType": 15,
        "Time": "2022-09-28T08:37:49.5389362Z",
        "Message": "Ticket Purchased - 9802"
      },
      {
        "ModuleType": 15,
        "Time": "2022-10-01T23:38:49.2237743Z",
        "Message": "Weekly Reset - Resetting"
      },
      {
        "ModuleType": 15,
        "Time": "2022-10-05T01:57:01.1501647Z",
        "Message": "ReSyncing Tickets"
      },
      {
        "ModuleType": 15,
        "Time": "2022-10-05T01:57:11.5350081Z",
        "Message": "ReSyncing Tickets"
      },
      {
        "ModuleType": 15,
        "Time": "2022-10-05T01:57:15.9982519Z",
        "Message": "Ticket Purchased - 2660"
      },
      {
        "ModuleType": 15,
        "Time": "2022-10-05T01:57:16.4831856Z",
        "Message": "Ticket Purchased - 2660"
      },
      {
        "ModuleType": 15,
        "Time": "2022-10-05T01:57:17.0210043Z",
        "Message": "Ticket Purchased - 2660"
      },
      {
        "ModuleType": 15,
        "Time": "2022-10-08T13:00:00.130537Z",
        "Message": "Weekly Reset - Resetting"
      },
      {
        "ModuleType": 15,
        "Time": "2022-10-16T00:16:58.1568371Z",
        "Message": "Weekly Reset - Resetting"
      },
      {
        "ModuleType": 15,
        "Time": "2022-10-22T13:00:00.6917405Z",
        "Message": "Weekly Reset - Resetting"
      },
      {
        "ModuleType": 15,
        "Time": "2022-10-26T12:57:10.3932286Z",
        "Message": "ReSyncing Tickets"
      },
      {
        "ModuleType": 15,
        "Time": "2022-10-26T12:57:16.3948577Z",
        "Message": "Ticket Purchased - 4889"
      },
      {
        "ModuleType": 15,
        "Time": "2022-10-26T12:57:17.625713Z",
        "Message": "Ticket Purchased - 4618"
      },
      {
        "ModuleType": 15,
        "Time": "2022-10-26T12:57:18.7293048Z",
        "Message": "Ticket Purchased - 5917"
      }
    ],
    "TreasureMap": [
      {
        "ModuleType": 8,
        "Time": "2022-08-13T15:08:40.8452124Z",
        "Message": "ReSyncing Time - LastGathered: 2022/8/13 5:08:00"
      },
      {
        "ModuleType": 8,
        "Time": "2022-08-13T15:09:07.6780265Z",
        "Message": "ReSyncing Time - LastGathered: 2022/8/13 5:09:00"
      },
      {
        "ModuleType": 8,
        "Time": "2022-08-13T15:10:13.5449162Z",
        "Message": "ReSyncing Time - LastGathered: 2022/8/13 5:10:00"
      },
      {
        "ModuleType": 8,
        "Time": "2022-08-14T12:54:16.7618047Z",
        "Message": "ReSyncing Time - LastGathered: 2022/8/14 2:54:00"
      },
      {
        "ModuleType": 8,
        "Time": "2022-08-16T06:38:52.7227742Z",
        "Message": "ReSyncing Time - LastGathered: 2022/8/15 20:38:00"
      },
      {
        "ModuleType": 8,
        "Time": "2022-08-21T14:02:49.8177637Z",
        "Message": "ReSyncing Time - LastGathered: 2022/8/21 4:02:00"
      },
      {
        "ModuleType": 8,
        "Time": "2022-08-22T05:24:50.3486781Z",
        "Message": "ReSyncing Time - LastGathered: 2022/8/21 19:24:00"
      },
      {
        "ModuleType": 8,
        "Time": "2022-08-22T05:25:48.4040544Z",
        "Message": "ReSyncing Time - LastGathered: 2022/8/21 19:25:00"
      },
      {
        "ModuleType": 8,
        "Time": "2022-08-22T15:01:06.4600624Z",
        "Message": "ReSyncing Time - LastGathered: 2022/8/22 5:01:00"
      },
      {
        "ModuleType": 8,
        "Time": "2022-08-22T15:02:06.2111976Z",
        "Message": "ReSyncing Time - LastGathered: 2022/8/22 5:02:00"
      },
      {
        "ModuleType": 8,
        "Time": "2022-09-12T08:52:02.8776162Z",
        "Message": "ReSyncing Time - LastGathered: 2022/9/11 22:52:00"
      },
      {
        "ModuleType": 8,
        "Time": "2022-09-12T09:17:04.8952594Z",
        "Message": "ReSyncing Time - LastGathered: 2022/9/11 23:17:00"
      },
      {
        "ModuleType": 8,
        "Time": "2022-09-12T09:21:56.4126821Z",
        "Message": "ReSyncing Time - LastGathered: 2022/9/11 23:21:00"
      },
      {
        "ModuleType": 8,
        "Time": "2022-09-19T07:20:38.6015225Z",
        "Message": "ReSyncing Time - LastGathered: 2022/9/18 21:20:00"
      },
      {
        "ModuleType": 8,
        "Time": "2022-09-20T06:51:28.5953157Z",
        "Message": "ReSyncing Time - LastGathered: 2022/9/19 20:51:00"
      },
      {
        "ModuleType": 8,
        "Time": "2022-09-21T09:36:02.3749368Z",
        "Message": "ReSyncing Time - LastGathered: 2022/9/20 23:36:00"
      },
      {
        "ModuleType": 8,
        "Time": "2022-10-04T03:23:39.5874366Z",
        "Message": "ReSyncing Time - LastGathered: 2022/10/3 17:23:00"
      },
      {
        "ModuleType": 8,
        "Time": "2022-10-12T19:14:00.965595Z",
        "Message": "ReSyncing Time - LastGathered: 2022/10/12 9:14:00"
      },
      {
        "ModuleType": 8,
        "Time": "2022-10-12T19:17:30.5399712Z",
        "Message": "ReSyncing Time - LastGathered: 2022/10/12 9:17:00"
      },
      {
        "ModuleType": 8,
        "Time": "2022-10-12T19:37:13.5614701Z",
        "Message": "ReSyncing Time - LastGathered: 2022/10/12 9:37:00"
      },
      {
        "ModuleType": 8,
        "Time": "2022-10-18T18:25:10.7669269Z",
        "Message": "ReSyncing Time - LastGathered: 2022/10/18 8:25:00"
      },
      {
        "ModuleType": 8,
        "Time": "2022-10-26T19:11:59.5408825Z",
        "Message": "ReSyncing Time - LastGathered: 2022/10/26 9:11:00"
      },
      {
        "ModuleType": 8,
        "Time": "2022-10-26T19:13:40.0775534Z",
        "Message": "ReSyncing Time - LastGathered: 2022/10/26 9:13:00"
      }
    ]
  },
  "Version": 1
}