2025-06-24 17:31:32.800 +08:00 [INF] AEAssist logger init complete!
2025-06-24 17:31:33.373 +08:00 [INF] List Dutys : 
2025-06-24 17:31:33.373 +08:00 [INF] Find Duty : Id 0 Name 
2025-06-24 17:31:33.375 +08:00 [INF] Find Duty : Id 1 Name 遇袭集落水滩村
2025-06-24 17:31:33.375 +08:00 [INF] Find Duty : Id 2 Name 水妖幻园多恩美格禁园
2025-06-24 17:31:33.375 +08:00 [INF] Find Duty : Id 3 Name 文明古迹奇坦那神影洞
2025-06-24 17:31:33.375 +08:00 [INF] Find Duty : Id 4 Name 避暑离宫马利卡大井
2025-06-24 17:31:33.375 +08:00 [INF] Find Duty : Id 5 Name 伪造天界格鲁格火山
2025-06-24 17:31:33.375 +08:00 [INF] Find Duty : Id 6 Name 末日暗影亚马乌罗提
2025-06-24 17:31:33.375 +08:00 [INF] Find Duty : Id 7 Name 魔法宫殿宇宙宫
2025-06-24 17:31:33.375 +08:00 [INF] Find Duty : Id 8 Name 黑风海底阿尼德罗追忆馆
2025-06-24 17:31:33.375 +08:00 [INF] Find Duty : Id 9 Name 暗影决战诺弗兰特
2025-06-24 17:31:33.375 +08:00 [INF] Find Duty : Id 10 Name 魔术工房玛托雅工作室
2025-06-24 17:31:33.375 +08:00 [INF] Find Duty : Id 11 Name 黄金平原帕戈尔赞草原
2025-06-24 17:31:33.375 +08:00 [INF] Find Duty : Id 12 Name 异形楼阁佐特塔
2025-06-24 17:31:33.375 +08:00 [INF] Find Duty : Id 13 Name 魔导神门巴别塔
2025-06-24 17:31:33.375 +08:00 [INF] Find Duty : Id 14 Name 末日树海万相森国
2025-06-24 17:31:33.375 +08:00 [INF] Find Duty : Id 15 Name 创造环境极北造物院
2025-06-24 17:31:33.375 +08:00 [INF] Find Duty : Id 16 Name 星海深幽寻因星晶镜
2025-06-24 17:31:33.375 +08:00 [INF] Find Duty : Id 17 Name 海德林歼灭战
2025-06-24 17:31:33.375 +08:00 [INF] Find Duty : Id 18 Name 最终幻想末世终迹
2025-06-24 17:31:33.375 +08:00 [INF] Find Duty : Id 19 Name 近东秘宝阿尔扎达尔海底遗迹群
2025-06-24 17:31:33.375 +08:00 [INF] Find Duty : Id 20 Name 异界孤城特罗亚宫廷
2025-06-24 17:31:33.375 +08:00 [INF] Find Duty : Id 21 Name 雪山奥窟冥魂石洞
2025-06-24 17:31:33.375 +08:00 [INF] Find Duty : Id 22 Name 间歇灵泉哈姆岛
2025-06-24 17:31:33.375 +08:00 [INF] Find Duty : Id 23 Name 异界深渊月面地下溪谷
2025-06-24 17:31:33.375 +08:00 [INF] Find Duty : Id 24 Name 丛林竞流生息河岸
2025-06-24 17:31:33.375 +08:00 [INF] Find Duty : Id 25 Name 通天绝壁沃刻佐莫山
2025-06-24 17:31:33.375 +08:00 [INF] Find Duty : Id 26 Name 艳翼蛇鸟歼灭战
2025-06-24 17:31:33.375 +08:00 [INF] Find Duty : Id 27 Name 神圣禁地深空天坑
2025-06-24 17:31:33.375 +08:00 [INF] Find Duty : Id 28 Name 前哨基地先锋营
2025-06-24 17:31:33.375 +08:00 [INF] Find Duty : Id 29 Name 魂魄工厂创生设施
2025-06-24 17:31:33.375 +08:00 [INF] Find Duty : Id 30 Name 佐拉加歼灭战
2025-06-24 17:31:33.375 +08:00 [INF] Find Duty : Id 31 Name 忆中金曦亚历山德里亚
2025-06-24 17:31:33.375 +08:00 [INF] Find Duty : Id 32 Name 废弃据点玉韦亚瓦塔实验站
2025-06-24 17:31:33.375 +08:00 [INF] Find Duty : Id 33 Name 王城古迹永护塔底
2025-06-24 17:31:33.375 +08:00 [INF] Find Duty : Id 200 Name 天然要害沙斯塔夏溶洞
2025-06-24 17:31:33.375 +08:00 [INF] Find Duty : Id 201 Name 地下灵殿塔姆·塔拉墓园
2025-06-24 17:31:33.375 +08:00 [INF] Find Duty : Id 202 Name 封锁坑道铜铃铜山
2025-06-24 17:31:33.375 +08:00 [INF] Find Duty : Id 203 Name 伊弗利特讨伐战
2025-06-24 17:31:33.375 +08:00 [INF] Find Duty : Id 204 Name 监狱废墟托托·拉克千狱
2025-06-24 17:31:33.375 +08:00 [INF] Find Duty : Id 205 Name 名门府邸静语庄园
2025-06-24 17:31:33.375 +08:00 [INF] Find Duty : Id 206 Name 休养胜地布雷福洛克斯野营地
2025-06-24 17:31:33.375 +08:00 [INF] Find Duty : Id 207 Name 泰坦讨伐战
2025-06-24 17:31:33.375 +08:00 [INF] Find Duty : Id 208 Name 对龙城塞石卫塔
2025-06-24 17:31:33.375 +08:00 [INF] Find Duty : Id 209 Name 迦楼罗讨伐战
2025-06-24 17:31:33.375 +08:00 [INF] Find Duty : Id 210 Name 神兵要塞帝国南方堡
2025-06-24 17:31:33.375 +08:00 [INF] Find Duty : Id 211 Name 最终决战天幕魔导城
2025-06-24 17:31:33.375 +08:00 [INF] Find Duty : Id 212 Name 究极神兵破坏作战
2025-06-24 17:31:33.375 +08:00 [INF] Find Duty : Id 213 Name 凛冽洞天披雪大冰壁
2025-06-24 17:31:33.375 +08:00 [INF] Find Duty : Id 214 Name 幻龙残骸密约之塔
2025-06-24 17:31:33.375 +08:00 [INF] Find Duty : Id 215 Name 天山绝顶索姆阿尔灵峰
2025-06-24 17:31:33.375 +08:00 [INF] Find Duty : Id 216 Name 邪龙王座龙巢神殿
2025-06-24 17:31:33.375 +08:00 [INF] Find Duty : Id 217 Name 圣教中枢伊修加德教皇厅
2025-06-24 17:31:33.375 +08:00 [INF] Find Duty : Id 218 Name 学识宝库迦巴勒幻想图书馆
2025-06-24 17:31:33.375 +08:00 [INF] Find Duty : Id 219 Name 血战苍穹魔科学研究所
2025-06-24 17:31:33.375 +08:00 [INF] Find Duty : Id 220 Name 星海空间颠倒塔
2025-06-24 17:31:33.375 +08:00 [INF] Find Duty : Id 221 Name 天龙宫殿忆罪宫
2025-06-24 17:31:33.375 +08:00 [INF] Find Duty : Id 222 Name 险峻峡谷塞尔法特尔溪谷
2025-06-24 17:31:33.375 +08:00 [INF] Find Duty : Id 223 Name 坚牢铁壁巴埃萨长城
2025-06-24 17:31:33.375 +08:00 [INF] Find Duty : Id 224 Name 漂流海域妖歌海
2025-06-24 17:31:33.375 +08:00 [INF] Find Duty : Id 225 Name 试炼行路巴儿达木霸道
2025-06-24 17:31:33.375 +08:00 [INF] Find Duty : Id 226 Name 解放决战多玛王城
2025-06-24 17:31:33.375 +08:00 [INF] Find Duty : Id 227 Name 巨炮要塞帝国白山堡
2025-06-24 17:31:33.375 +08:00 [INF] Find Duty : Id 228 Name 鏖战红莲阿拉米格
2025-06-24 17:31:33.375 +08:00 [INF] Find Duty : Id 229 Name 沉没神殿斯卡拉遗迹
2025-06-24 17:31:33.375 +08:00 [INF] Find Duty : Id 230 Name 死亡大地终末焦土
2025-06-24 17:31:33.375 +08:00 [INF] Find Duty : Id 231 Name 国境防线基姆利特暗区
2025-06-24 17:31:33.375 +08:00 [INF] Find Duty : Id 232 Name 魔兽领域日影地修炼所
2025-06-24 17:31:33.375 +08:00 [INF] Find Duty : Id 233 Name 古代遗迹喀恩埋没圣堂
2025-06-24 17:31:33.375 +08:00 [INF] Find Duty : Id 234 Name 流沙迷宫樵鸣洞
2025-06-24 17:31:33.375 +08:00 [INF] Find Duty : Id 235 Name 山中战线泽梅尔要塞
2025-06-24 17:31:33.375 +08:00 [INF] Find Duty : Id 236 Name 毒雾洞窟黄金谷
2025-06-24 17:31:33.375 +08:00 [INF] Find Duty : Id 237 Name 冰雪废堡暮卫塔
2025-06-24 17:31:33.375 +08:00 [INF] Find Duty : Id 238 Name 海底宫殿紫水宫
2025-06-24 17:31:33.626 +08:00 [INF] Loaded Setting: BattleLogFilterSetting  C:\Users\1650\AppData\Roaming\XIVLauncherCN\devPlugins\AEAssistCN\AEAssistCNVersion\AEAssistC:\Users\1650\AppData\Roaming\XIVLauncherCN\devPlugins\AEAssistCN\AEAssistCNVersion\AEAssist\..\..\Settings/BattleLogFilterSetting.json
2025-06-24 17:31:33.629 +08:00 [INF] Loaded Setting: GeneralSettings  C:\Users\1650\AppData\Roaming\XIVLauncherCN\devPlugins\AEAssistCN\AEAssistCNVersion\AEAssistC:\Users\1650\AppData\Roaming\XIVLauncherCN\devPlugins\AEAssistCN\AEAssistCNVersion\AEAssist\..\..\Settings/GeneralSettings.json
2025-06-24 17:31:33.629 +08:00 [INF] Loaded Setting: HackSetting  C:\Users\1650\AppData\Roaming\XIVLauncherCN\devPlugins\AEAssistCN\AEAssistCNVersion\AEAssistC:\Users\1650\AppData\Roaming\XIVLauncherCN\devPlugins\AEAssistCN\AEAssistCNVersion\AEAssist\..\..\Settings/HackSetting.json
2025-06-24 17:31:33.630 +08:00 [INF] Loaded Setting: HotkeySetting  C:\Users\1650\AppData\Roaming\XIVLauncherCN\devPlugins\AEAssistCN\AEAssistCNVersion\AEAssistC:\Users\1650\AppData\Roaming\XIVLauncherCN\devPlugins\AEAssistCN\AEAssistCNVersion\AEAssist\..\..\Settings/HotkeySetting.json
2025-06-24 17:31:33.631 +08:00 [INF] Loaded Setting: LockPosSetting  C:\Users\1650\AppData\Roaming\XIVLauncherCN\devPlugins\AEAssistCN\AEAssistCNVersion\AEAssistC:\Users\1650\AppData\Roaming\XIVLauncherCN\devPlugins\AEAssistCN\AEAssistCNVersion\AEAssist\..\..\Settings/LockPosSetting.json
2025-06-24 17:31:33.632 +08:00 [INF] Loaded Setting: MacroSetting  C:\Users\1650\AppData\Roaming\XIVLauncherCN\devPlugins\AEAssistCN\AEAssistCNVersion\AEAssistC:\Users\1650\AppData\Roaming\XIVLauncherCN\devPlugins\AEAssistCN\AEAssistCNVersion\AEAssist\..\..\Settings/MacroSetting.json
2025-06-24 17:31:33.637 +08:00 [INF] Loaded Setting: PotionSetting  C:\Users\1650\AppData\Roaming\XIVLauncherCN\devPlugins\AEAssistCN\AEAssistCNVersion\AEAssistC:\Users\1650\AppData\Roaming\XIVLauncherCN\devPlugins\AEAssistCN\AEAssistCNVersion\AEAssist\..\..\Settings/PotionSetting.json
2025-06-24 17:31:33.640 +08:00 [INF] Loaded Setting: RotationSetting  C:\Users\1650\AppData\Roaming\XIVLauncherCN\devPlugins\AEAssistCN\AEAssistCNVersion\AEAssistC:\Users\1650\AppData\Roaming\XIVLauncherCN\devPlugins\AEAssistCN\AEAssistCNVersion\AEAssist\..\..\Settings/RotationSetting.json
2025-06-24 17:31:33.642 +08:00 [INF] Loaded Setting: TargetSelectorConfig  C:\Users\1650\AppData\Roaming\XIVLauncherCN\devPlugins\AEAssistCN\AEAssistCNVersion\AEAssistC:\Users\1650\AppData\Roaming\XIVLauncherCN\devPlugins\AEAssistCN\AEAssistCNVersion\AEAssist\..\..\Settings/TargetSelectorConfig.json
2025-06-24 17:31:33.643 +08:00 [INF] Loaded Setting: 多变迷宫Config  C:\Users\1650\AppData\Roaming\XIVLauncherCN\devPlugins\AEAssistCN\AEAssistCNVersion\AEAssistC:\Users\1650\AppData\Roaming\XIVLauncherCN\devPlugins\AEAssistCN\AEAssistCNVersion\AEAssist\..\..\Settings/多变迷宫Config.json
2025-06-24 17:31:33.651 +08:00 [INF] Load DeathSentence: 21
2025-06-24 17:31:33.659 +08:00 [INF] 加载全部ACR : C:\Users\1650\AppData\Roaming\XIVLauncherCN\devPlugins\AEAssistCN\ACR
2025-06-24 17:31:33.661 +08:00 [INF] ACR搜索 路径 C:\Users\1650\AppData\Roaming\XIVLauncherCN\devPlugins\AEAssistCN\ACR\44451516
2025-06-24 17:31:33.661 +08:00 [INF] 加载dll: C:\Users\1650\AppData\Roaming\XIVLauncherCN\devPlugins\AEAssistCN\ACR\44451516\44451516.dll
2025-06-24 17:31:33.662 +08:00 [INF] 加载dll成功: 44451516, Version=1.0.0.0, Culture=neutral, PublicKeyToken=null 
2025-06-24 17:31:33.675 +08:00 [INF] 成功加载acr: AE_ACR_DRK.DRKRotationEntry
2025-06-24 17:31:33.683 +08:00 [INF] 成功加载acr: AE_ACR.PLD.PLDRotationEntry
2025-06-24 17:31:33.684 +08:00 [INF] 成功加载acr: AE_ACR.GLA.GLARotationEntry
2025-06-24 17:31:33.687 +08:00 [INF] 成功加载acr: AE_ACR.AST.ASTRotationEntry
2025-06-24 17:31:33.687 +08:00 [INF] ACR搜索 路径 C:\Users\1650\AppData\Roaming\XIVLauncherCN\devPlugins\AEAssistCN\ACR\Ayanotan
2025-06-24 17:31:33.687 +08:00 [INF] 加载dll: C:\Users\1650\AppData\Roaming\XIVLauncherCN\devPlugins\AEAssistCN\ACR\Ayanotan\Ayanotan.dll
2025-06-24 17:31:33.689 +08:00 [INF] 加载dll成功: Ayanotan, Version=1.0.0.0, Culture=neutral, PublicKeyToken=null 
2025-06-24 17:31:33.696 +08:00 [INF] 成功加载acr: Ayanotan.Sage.SageRotationEntry
2025-06-24 17:31:33.696 +08:00 [INF] ACR搜索 路径 C:\Users\1650\AppData\Roaming\XIVLauncherCN\devPlugins\AEAssistCN\ACR\HSS
2025-06-24 17:31:33.697 +08:00 [INF] 加载dll: C:\Users\1650\AppData\Roaming\XIVLauncherCN\devPlugins\AEAssistCN\ACR\HSS\HSS.dll
2025-06-24 17:31:33.698 +08:00 [INF] 加载dll成功: HSS, Version=1.0.0.0, Culture=neutral, PublicKeyToken=null 
2025-06-24 17:31:33.718 +08:00 [INF] 成功加载acr: HSS.WhiteMage.WhiteMageRotationEntry
2025-06-24 17:31:33.718 +08:00 [INF] ACR搜索 路径 C:\Users\1650\AppData\Roaming\XIVLauncherCN\devPlugins\AEAssistCN\ACR\Meva
2025-06-24 17:31:33.718 +08:00 [INF] 加载dll: C:\Users\1650\AppData\Roaming\XIVLauncherCN\devPlugins\AEAssistCN\ACR\Meva\Meva.dll
2025-06-24 17:31:33.719 +08:00 [INF] 加载dll成功: Meva, Version=1.0.0.0, Culture=neutral, PublicKeyToken=null 
2025-06-24 17:31:33.726 +08:00 [INF] 成功加载acr: Meva.Astrologian.AstrologianRotationEntry
2025-06-24 17:31:33.726 +08:00 [INF] ACR搜索 路径 C:\Users\1650\AppData\Roaming\XIVLauncherCN\devPlugins\AEAssistCN\ACR\RedBromine
2025-06-24 17:31:33.727 +08:00 [INF] 加载dll: C:\Users\1650\AppData\Roaming\XIVLauncherCN\devPlugins\AEAssistCN\ACR\RedBromine\RedBromine.dll
2025-06-24 17:31:33.728 +08:00 [INF] 加载dll成功: RedBromine, Version=1.0.0.0, Culture=neutral, PublicKeyToken=null 
2025-06-24 17:31:33.733 +08:00 [INF] 成功加载acr: RedBromine.ScholarRotationEntry
2025-06-24 17:31:33.734 +08:00 [INF] LoadRotation Success: 44451516 DarkKnight
2025-06-24 17:31:33.734 +08:00 [INF] LoadRotation Success: 44451516 Paladin
2025-06-24 17:31:33.734 +08:00 [INF] LoadRotation Success: 44451516 Gladiator
2025-06-24 17:31:33.734 +08:00 [INF] LoadRotation Success: 44451516 Astrologian
2025-06-24 17:31:33.734 +08:00 [INF] LoadRotation Success: Ayanotan Sage
2025-06-24 17:31:33.734 +08:00 [INF] LoadRotation Success: HSS WhiteMage
2025-06-24 17:31:33.734 +08:00 [INF] LoadRotation Success: Meva Astrologian
2025-06-24 17:31:33.734 +08:00 [INF] LoadRotation Success: RedBromine Scholar
2025-06-24 17:31:33.757 +08:00 [INF] ACR init success
2025-06-24 17:31:33.757 +08:00 [INF] 添加Plugin: AEAssist.CombatRoutine.CombatRoutine2
2025-06-24 17:31:33.758 +08:00 [INF] 添加Plugin: AEAssist.TriggerlineEditor.TriggerlineEditorPlugin
2025-06-24 17:31:33.758 +08:00 [INF] 添加Plugin: AEAssist.FFLogsRank.FFLogsRank
2025-06-24 17:31:33.761 +08:00 [INF] 添加Plugin: AEAssist.vIP39E5ymuVhSY4p41S
2025-06-24 17:31:33.761 +08:00 [INF] 添加Plugin: AEAssist.GPHZhR5ebtmEDe2oLu2
2025-06-24 17:31:33.766 +08:00 [INF] 添加Plugin: AEAssist.Internal.Plugins.CosmicHelperTest.CosmicHelperTest
2025-06-24 17:31:33.769 +08:00 [INF] 添加Plugin: Trust.TrustPlugin
2025-06-24 17:31:33.829 +08:00 [INF] AEAssist初始化完成
