十六五夜获得了“腐朽的炼净长剑”。
获得了新的战利品腐朽的炼净铠甲。
获得了新的战利品腐朽的炼净长裤。
获得了新的战利品腐朽的炼净锁甲靴。
获得了新的战利品腐朽的炼净饰品。
获得了新的战利品腐朽的炼净铠甲。
获得了新的战利品腐朽的炼净手铠。
获得了新的战利品腐朽的炼净长裤。
获得了新的战利品腐朽的炼净饰品。
获得了新的战利品迷你埃里克特翁尼亚斯。
柚叶海猫茶屋对腐朽的炼净长裤掷骰。
十六五夜对腐朽的炼净长裤掷骰。
下雨收衣服了柔风海湾对腐朽的炼净铠甲掷骰。
十六五夜对腐朽的炼净锁甲靴掷骰。
水獭延夏对腐朽的炼净手铠掷骰。
十六五夜对腐朽的炼净饰品掷骰。
下雨收衣服了柔风海湾对腐朽的炼净长裤掷骰。
巴卫琥珀原对迷你埃里克特翁尼亚斯掷骰。
水獭延夏对腐朽的炼净长裤掷骰。
柚叶海猫茶屋对腐朽的炼净铠甲掷骰。
十六五夜对腐朽的炼净手铠掷骰。
下雨收衣服了柔风海湾对腐朽的炼净锁甲靴掷骰。
水獭延夏对腐朽的炼净饰品掷骰。
叫我金毛延夏对迷你埃里克特翁尼亚斯掷骰。
十六五夜对腐朽的炼净长裤掷骰。
水獭延夏对腐朽的炼净饰品掷骰。
柚叶海猫茶屋对腐朽的炼净铠甲掷骰。
下雨收衣服了柔风海湾对腐朽的炼净饰品掷骰。
十六五夜对腐朽的炼净饰品掷骰。
叫我金毛延夏对腐朽的炼净铠甲掷骰。
水獭延夏对腐朽的炼净锁甲靴掷骰。
枫晓虎海猫茶屋对腐朽的炼净铠甲掷骰。
下雨收衣服了柔风海湾对迷你埃里克特翁尼亚斯掷骰。
水獭延夏对腐朽的炼净长裤掷骰。
叫我金毛延夏对腐朽的炼净铠甲掷骰。
下雨收衣服了柔风海湾对腐朽的炼净铠甲掷骰。
水獭延夏对腐朽的炼净铠甲掷骰。
枫晓虎海猫茶屋对迷你埃里克特翁尼亚斯掷骰。
下雨收衣服了柔风海湾对腐朽的炼净手铠掷骰。
下雨收衣服了柔风海湾对腐朽的炼净长裤掷骰。
巴卫琥珀原对腐朽的炼净铠甲掷骰。
柚叶海猫茶屋对腐朽的炼净长裤掷骰。
叫我金毛延夏对腐朽的炼净饰品掷骰。
十六五夜对迷你埃里克特翁尼亚斯掷骰。
水獭延夏对腐朽的炼净铠甲掷骰。
下雨收衣服了柔风海湾对腐朽的炼净饰品掷骰。
水獭延夏对迷你埃里克特翁尼亚斯掷骰。
巴卫琥珀原对腐朽的炼净铠甲掷骰。
叫我金毛延夏对腐朽的炼净饰品掷骰。
柚叶海猫茶屋对迷你埃里克特翁尼亚斯掷骰。
枫晓虎海猫茶屋在需求条件下对“迷你埃里克特翁尼亚斯”掷出了39点。
叫我金毛延夏在需求条件下对“迷你埃里克特翁尼亚斯”掷出了55点。
巴卫琥珀原在需求条件下对“迷你埃里克特翁尼亚斯”掷出了68点。
下雨收衣服了柔风海湾在需求条件下对“迷你埃里克特翁尼亚斯”掷出了13点。
水獭延夏在需求条件下对“迷你埃里克特翁尼亚斯”掷出了43点。
巴卫琥珀原获得了“迷你埃里克特翁尼亚斯”。
柚叶海猫茶屋对腐朽的炼净饰品掷骰。
叫我金毛延夏对腐朽的炼净手铠掷骰。
柚叶海猫茶屋对腐朽的炼净饰品掷骰。
叫我金毛延夏对腐朽的炼净锁甲靴掷骰。
柚叶海猫茶屋对腐朽的炼净手铠掷骰。
叫我金毛延夏对腐朽的炼净长裤掷骰。
叫我金毛延夏对腐朽的炼净长裤掷骰。
枫晓虎海猫茶屋对腐朽的炼净铠甲掷骰。
巴卫琥珀原对腐朽的炼净长裤掷骰。
巴卫琥珀原对腐朽的炼净锁甲靴掷骰。
巴卫琥珀原对腐朽的炼净饰品掷骰。
柚叶海猫茶屋对腐朽的炼净锁甲靴掷骰。
巴卫琥珀原对腐朽的炼净手铠掷骰。
巴卫琥珀原对腐朽的炼净长裤掷骰。
巴卫琥珀原对腐朽的炼净饰品掷骰。
十六五夜对腐朽的炼净铠甲掷骰。
十六五夜在需求条件下对“腐朽的炼净铠甲”掷出了46点。
枫晓虎海猫茶屋在需求条件下对“腐朽的炼净铠甲”掷出了92点。
叫我金毛延夏在需求条件下对“腐朽的炼净铠甲”掷出了48点。
巴卫琥珀原在需求条件下对“腐朽的炼净铠甲”掷出了73点。
下雨收衣服了柔风海湾在需求条件下对“腐朽的炼净铠甲”掷出了61点。
水獭延夏在需求条件下对“腐朽的炼净铠甲”掷出了78点。
枫晓虎海猫茶屋获得了“腐朽的炼净铠甲”。
下雨收衣服了柔风海湾在需求条件下对“腐朽的炼净手铠”掷出了6点。
下雨收衣服了柔风海湾获得了“腐朽的炼净手铠”。
柚叶海猫茶屋在需求条件下对“腐朽的炼净长裤”掷出了30点。
柚叶海猫茶屋获得了“腐朽的炼净长裤”。
无法获得“腐朽的炼净饰品”。
无法获得“腐朽的炼净长裤”。
无法获得“腐朽的炼净锁甲靴”。
无法获得“腐朽的炼净饰品”。
十六五夜对腐朽的炼净铠甲掷骰。
十六五夜在需求条件下对“腐朽的炼净铠甲”掷出了78点。
叫我金毛延夏在需求条件下对“腐朽的炼净铠甲”掷出了73点。
巴卫琥珀原在需求条件下对“腐朽的炼净铠甲”掷出了76点。
水獭延夏在需求条件下对“腐朽的炼净铠甲”掷出了65点。
十六五夜获得了“腐朽的炼净铠甲”。
获得了新的战利品腐朽的炼净头盔。
获得了新的战利品腐朽的炼净手铠。
获得了新的战利品腐朽的炼净锁甲靴。
获得了新的战利品腐朽的炼净饰品。
获得了新的战利品腐朽的炼净头盔。
获得了新的战利品腐朽的炼净铠甲。
获得了新的战利品腐朽的炼净长裤。
获得了新的战利品腐朽的炼净饰品。
黑川祈紫水栈桥对腐朽的炼净铠甲掷骰。
阿寒丶海猫茶屋对腐朽的炼净铠甲掷骰。
黑川祈紫水栈桥对腐朽的炼净头盔掷骰。
十六五夜对腐朽的炼净头盔掷骰。
阿寒丶海猫茶屋对腐朽的炼净头盔掷骰。
黑川祈紫水栈桥对腐朽的炼净手铠掷骰。
个人的世界对腐朽的炼净饰品掷骰。
阿寒丶海猫茶屋对腐朽的炼净手铠掷骰。
十六五夜对腐朽的炼净手铠掷骰。
黑川祈紫水栈桥对腐朽的炼净锁甲靴掷骰。
个人的世界对腐朽的炼净铠甲掷骰。
猫猫教教主柔风海湾对腐朽的炼净头盔掷骰。
Ludan柔风海湾对腐朽的炼净铠甲掷骰。
阿寒丶海猫茶屋对腐朽的炼净锁甲靴掷骰。
黑川祈紫水栈桥对腐朽的炼净饰品掷骰。
阿寒丶海猫茶屋对腐朽的炼净饰品掷骰。
个人的世界对腐朽的炼净饰品掷骰。
猫猫教教主柔风海湾对腐朽的炼净手铠掷骰。
黑川祈紫水栈桥对腐朽的炼净头盔掷骰。
十六五夜对腐朽的炼净锁甲靴掷骰。
阿寒丶海猫茶屋对腐朽的炼净头盔掷骰。
聿安柔风海湾对腐朽的炼净头盔掷骰。
黑川祈紫水栈桥对腐朽的炼净长裤掷骰。
猫猫教教主柔风海湾对腐朽的炼净锁甲靴掷骰。
黑川祈紫水栈桥对腐朽的炼净饰品掷骰。
阿寒丶海猫茶屋对腐朽的炼净长裤掷骰。
聿安柔风海湾对腐朽的炼净手铠掷骰。
猫猫教教主柔风海湾对腐朽的炼净饰品掷骰。
十六五夜对腐朽的炼净饰品掷骰。
阿寒丶海猫茶屋对腐朽的炼净饰品掷骰。
聿安柔风海湾对腐朽的炼净锁甲靴掷骰。
猫猫教教主柔风海湾对腐朽的炼净头盔掷骰。
聿安柔风海湾对腐朽的炼净饰品掷骰。
猫猫教教主柔风海湾对腐朽的炼净铠甲掷骰。
十六五夜对腐朽的炼净头盔掷骰。
聿安柔风海湾对腐朽的炼净头盔掷骰。
猫猫教教主柔风海湾对腐朽的炼净长裤掷骰。
芝士年糕虎琥珀原对腐朽的炼净铠甲掷骰。
聿安柔风海湾对腐朽的炼净铠甲掷骰。
猫猫教教主柔风海湾对腐朽的炼净饰品掷骰。
十六五夜对腐朽的炼净长裤掷骰。
聿安柔风海湾对腐朽的炼净长裤掷骰。
十六五夜对腐朽的炼净饰品掷骰。
聿安柔风海湾对腐朽的炼净饰品掷骰。
芝士年糕虎琥珀原对腐朽的炼净锁甲靴掷骰。
芝士年糕虎琥珀原对腐朽的炼净长裤掷骰。
芝士年糕虎琥珀原对腐朽的炼净饰品掷骰。
芝士年糕虎琥珀原对腐朽的炼净头盔掷骰。
芝士年糕虎琥珀原对腐朽的炼净饰品掷骰。
芝士年糕虎琥珀原对腐朽的炼净手铠掷骰。
芝士年糕虎琥珀原对腐朽的炼净头盔掷骰。
十六五夜对腐朽的炼净铠甲掷骰。
阿寒丶海猫茶屋在需求条件下对“腐朽的炼净铠甲”掷出了2点。
芝士年糕虎琥珀原在需求条件下对“腐朽的炼净铠甲”掷出了4点。
个人的世界在需求条件下对“腐朽的炼净铠甲”掷出了69点。
十六五夜在需求条件下对“腐朽的炼净铠甲”掷出了7点。
Ludan柔风海湾在需求条件下对“腐朽的炼净铠甲”掷出了51点。
聿安柔风海湾在需求条件下对“腐朽的炼净铠甲”掷出了59点。
个人的世界获得了“腐朽的炼净铠甲”。
